<?xml version="1.0" encoding="UTF-8"?>
<testsuite name="td1_pf.AppTest" tests="1" skipped="0" failures="0" errors="0" timestamp="2021-10-18T12:41:34" hostname="DESKTOP-BDFMDCA" time="0.003">
  <properties/>
  <testcase name="testChaine" classname="td1_pf.AppTest" time="0.003"/>
  <system-out><![CDATA[]]></system-out>
  <system-err><![CDATA[]]></system-err>
</testsuite>
